2022-07-19 11:15:01,088 - __main__ - INFO - Token value: Token not available!
2022-07-19 11:15:01,760 - __main__ - INFO - Weather in Berlin: 30.32
2022-07-19 10:09:58,525 - __main__ - INFO - Token value: 1234
2022-07-19 10:09:58,949 - __main__ - INFO - Weather in Berlin: 32.56
2022-07-19 12:17:50,405 - __main__ - INFO - Token value: 1234
2022-07-19 12:17:50,875 - __main__ - INFO - Weather in Berlin: 33.66
2022-07-19 14:09:00,868 - __main__ - INFO - Token value: 1234
2022-07-19 14:09:01,435 - __main__ - INFO - Weather in Berlin: 34.86
2022-07-19 16:12:16,906 - __main__ - INFO - Token value: 1234
2022-07-19 16:12:17,306 - __main__ - INFO - Weather in Berlin: 34.28
2022-07-19 18:10:53,682 - __main__ - INFO - Token value: 1234
2022-07-19 18:10:53,844 - __main__ - INFO - Weather in Berlin: 31.9
2022-07-19 20:09:35,027 - __main__ - INFO - Token value: 1234
2022-07-19 20:09:35,139 - __main__ - INFO - Weather in Berlin: 27.52
2022-07-19 22:09:04,334 - __main__ - INFO - Token value: 1234
2022-07-19 22:09:04,912 - __main__ - INFO - Weather in Berlin: 25.4
2022-07-20 00:46:12,649 - __main__ - INFO - Token value: 1234
2022-07-20 00:46:13,296 - __main__ - INFO - Weather in Berlin: 24.18
2022-07-20 03:36:18,748 - __main__ - INFO - Token value: 1234
2022-07-20 03:36:18,916 - __main__ - INFO - Weather in Berlin: 22.12
2022-07-20 04:30:43,477 - __main__ - INFO - Token value: 1234
2022-07-20 04:30:43,776 - __main__ - INFO - Weather in Berlin: 21.64
2022-07-20 06:11:40,340 - __main__ - INFO - Token value: 1234
2022-07-20 06:11:41,194 - __main__ - INFO - Weather in Berlin: 24.95
2022-07-20 08:12:25,109 - __main__ - INFO - Token value: 1234
2022-07-20 08:12:25,397 - __main__ - INFO - Weather in Berlin: 30.85
2022-07-20 10:09:27,874 - __main__ - INFO - Token value: 1234
2022-07-20 10:09:28,041 - __main__ - INFO - Weather in Berlin: 35.42
2022-07-20 12:16:14,801 - __main__ - INFO - Token value: 1234
2022-07-20 12:16:15,447 - __main__ - INFO - Weather in Berlin: 36.64
2022-07-20 14:10:42,143 - __main__ - INFO - Token value: 1234
2022-07-20 14:10:42,285 - __main__ - INFO - Weather in Berlin: 37.34
2022-07-20 16:11:32,101 - __main__ - INFO - Token value: 1234
2022-07-20 16:11:32,270 - __main__ - INFO - Weather in Berlin: 36.32
2022-07-20 18:11:08,871 - __main__ - INFO - Token value: 1234
2022-07-20 18:11:09,450 - __main__ - INFO - Weather in Berlin: 35.75
2022-07-20 20:10:07,208 - __main__ - INFO - Token value: 1234
2022-07-20 20:10:07,807 - __main__ - INFO - Weather in Berlin: 29.16
2022-07-20 22:08:32,880 - __main__ - INFO - Token value: 1234
2022-07-20 22:08:33,309 - __main__ - INFO - Weather in Berlin: 27.72
2022-07-21 00:51:04,670 - __main__ - INFO - Token value: 1234
2022-07-21 00:51:04,945 - __main__ - INFO - Weather in Berlin: 25.62
2022-07-21 03:32:21,183 - __main__ - INFO - Token value: 1234
2022-07-21 03:32:21,622 - __main__ - INFO - Weather in Berlin: 24.17
2022-07-21 04:33:49,059 - __main__ - INFO - Token value: 1234
2022-07-21 04:33:49,712 - __main__ - INFO - Weather in Berlin: 23.8
2022-07-21 06:11:40,676 - __main__ - INFO - Token value: 1234
2022-07-21 06:11:41,078 - __main__ - INFO - Weather in Berlin: 24.1
2022-07-21 08:11:51,774 - __main__ - INFO - Token value: 1234
2022-07-21 08:11:51,925 - __main__ - INFO - Weather in Berlin: 26.61
2022-07-21 10:10:48,231 - __main__ - INFO - Token value: 1234
2022-07-21 10:10:48,658 - __main__ - INFO - Weather in Berlin: 29.39
2022-07-21 12:16:51,452 - __main__ - INFO - Token value: 1234
2022-07-21 12:16:52,210 - __main__ - INFO - Weather in Berlin: 29.02
2022-07-21 14:10:13,059 - __main__ - INFO - Token value: 1234
2022-07-21 14:10:13,760 - __main__ - INFO - Weather in Berlin: 24.62
2022-07-21 16:11:48,481 - __main__ - INFO - Token value: 1234
2022-07-21 16:11:49,254 - __main__ - INFO - Weather in Berlin: 24.51
2022-07-21 18:11:19,590 - __main__ - INFO - Token value: 1234
2022-07-21 18:11:19,965 - __main__ - INFO - Weather in Berlin: 25.79
2022-07-21 20:10:30,244 - __main__ - INFO - Token value: 1234
2022-07-21 20:10:30,328 - __main__ - INFO - Weather in Berlin: 22.77
2022-07-25 00:44:39,700 - __main__ - INFO - Token value: 1234
2022-07-25 00:44:40,082 - __main__ - INFO - Weather in Berlin: 19.9
2022-08-01 00:54:12,206 - __main__ - INFO - Token value: 1234
2022-08-01 00:54:12,694 - __main__ - INFO - Weather in Berlin: 20.23
2022-08-08 00:40:42,506 - __main__ - INFO - Token value: 1234
2022-08-08 00:40:42,610 - __main__ - INFO - Weather in Berlin: 16.92
2022-08-15 00:44:48,218 - __main__ - INFO - Token value: 1234
2022-08-15 00:44:48,828 - __main__ - INFO - Weather in Berlin: 22.05
2022-08-22 00:46:22,483 - __main__ - INFO - Token value: 1234
2022-08-22 00:46:22,604 - __main__ - INFO - Weather in Berlin: 16.54
2022-08-29 00:51:03,885 - __main__ - INFO - Token value: 1234
2022-08-29 00:51:04,463 - __main__ - INFO - Weather in Berlin: 13.61
2022-09-05 00:54:44,539 - __main__ - INFO - Token value: 1234
2022-09-05 00:54:45,065 - __main__ - INFO - Weather in Berlin: 15.8
2022-09-12 00:48:56,255 - __main__ - INFO - Token value: 1234
2022-09-12 00:48:56,362 - __main__ - INFO - Weather in Berlin: 12.68
2022-09-19 00:51:28,986 - __main__ - INFO - Token value: 1234
2022-09-19 00:51:29,073 - __main__ - INFO - Weather in Berlin: 8.79
2022-09-26 00:54:36,285 - __main__ - INFO - Token value: 1234
2022-09-26 00:54:36,670 - __main__ - INFO - Weather in Berlin: 11.75
2022-10-03 00:53:53,511 - __main__ - INFO - Token value: 1234
2022-10-03 00:53:54,115 - __main__ - INFO - Weather in Berlin: 11.07
2022-10-10 00:59:22,592 - __main__ - INFO - Token value: 1234
2022-10-10 00:59:22,684 - __main__ - INFO - Weather in Berlin: 7.73
2022-10-17 01:03:34,041 - __main__ - INFO - Token value: 1234
2022-10-17 01:03:34,808 - __main__ - INFO - Weather in Berlin: 13.02
2022-10-24 01:05:23,964 - __main__ - INFO - Token value: 1234
2022-10-24 01:05:24,197 - __main__ - INFO - Weather in Berlin: 13.27
2022-10-31 00:56:50,347 - __main__ - INFO - Token value: 1234
2022-10-31 00:56:50,781 - __main__ - INFO - Weather in Berlin: 13.45
2022-11-07 00:46:30,914 - __main__ - INFO - Token value: 1234
2022-11-07 00:46:31,482 - __main__ - INFO - Weather in Berlin: 6.9
2022-11-14 00:42:53,014 - __main__ - INFO - Token value: 1234
2022-11-14 00:42:53,136 - __main__ - INFO - Weather in Berlin: 6.58
2022-11-21 00:44:54,383 - __main__ - INFO - Token value: 1234
2022-11-21 00:44:54,891 - __main__ - INFO - Weather in Berlin: -1.89
2022-11-28 00:38:10,868 - __main__ - INFO - Token value: 1234
2022-11-28 00:38:10,962 - __main__ - INFO - Weather in Berlin: 4.03
2022-12-05 00:37:36,747 - __main__ - INFO - Token value: 1234
2022-12-05 00:37:37,346 - __main__ - INFO - Weather in Berlin: 2.48
2022-12-12 00:40:48,194 - __main__ - INFO - Token value: 1234
2022-12-12 00:40:48,347 - __main__ - INFO - Weather in Berlin: -1.51
2022-12-19 00:34:22,668 - __main__ - INFO - Token value: 1234
2022-12-19 00:34:23,349 - __main__ - INFO - Weather in Berlin: -4.73
2022-12-26 00:37:57,455 - __main__ - INFO - Token value: 1234
2022-12-26 00:37:58,555 - __main__ - INFO - Weather in Berlin: 8.58
2023-01-02 00:37:45,571 - __main__ - INFO - Token value: 1234
2023-01-02 00:37:46,198 - __main__ - INFO - Weather in Berlin: 11.86
2023-01-09 00:37:48,669 - __main__ - INFO - Token value: 1234
2023-01-09 00:37:49,006 - __main__ - INFO - Weather in Berlin: 5.01
2023-01-16 00:38:39,973 - __main__ - INFO - Token value: 1234
2023-01-16 00:38:40,358 - __main__ - INFO - Weather in Berlin: 4.9
2023-01-23 00:37:11,897 - __main__ - INFO - Token value: 1234
2023-01-23 00:37:12,431 - __main__ - INFO - Weather in Berlin: 1.65
2023-01-30 00:35:30,776 - __main__ - INFO - Token value: 1234
2023-01-30 00:35:31,351 - __main__ - INFO - Weather in Berlin: 1.63
2023-02-06 00:37:40,919 - __main__ - INFO - Token value: 1234
2023-02-06 00:37:41,397 - __main__ - INFO - Weather in Berlin: -2.01
2023-02-13 00:41:55,645 - __main__ - INFO - Token value: 1234
2023-02-13 00:41:56,334 - __main__ - INFO - Weather in Berlin: 7.16
2023-02-20 00:42:40,136 - __main__ - INFO - Token value: 1234
2023-02-20 00:42:40,714 - __main__ - INFO - Weather in Berlin: 2.39
2023-02-27 00:41:12,914 - __main__ - INFO - Token value: 1234
2023-02-27 00:41:13,506 - __main__ - INFO - Weather in Berlin: -1.34
2023-03-06 00:41:41,381 - __main__ - INFO - Token value: 1234
2023-03-06 00:41:41,518 - __main__ - INFO - Weather in Berlin: 0.94
2023-03-13 00:39:58,538 - __main__ - INFO - Token value: 1234
2023-03-13 00:39:58,984 - __main__ - INFO - Weather in Berlin: 5.94
2023-03-20 00:40:52,346 - __main__ - INFO - Token value: 1234
2023-03-20 00:40:52,864 - __main__ - INFO - Weather in Berlin: 10.36
2023-03-27 00:37:03,135 - __main__ - INFO - Token value: 1234
2023-03-27 00:37:03,579 - __main__ - INFO - Weather in Berlin: 4.49
2023-04-03 00:37:03,535 - __main__ - INFO - Token value: 1234
2023-04-03 00:37:03,887 - __main__ - INFO - Weather in Berlin: 1.06
2023-04-10 00:36:03,126 - __main__ - INFO - Token value: 1234
2023-04-10 00:36:03,601 - __main__ - INFO - Weather in Berlin: 6.65
2023-04-17 00:38:11,628 - __main__ - INFO - Token value: 1234
2023-04-17 00:38:11,958 - __main__ - INFO - Weather in Berlin: 7.47
2023-04-24 00:37:25,968 - __main__ - INFO - Token value: 1234
2023-04-24 00:37:26,548 - __main__ - INFO - Weather in Berlin: 11.24
2023-05-01 00:38:28,593 - __main__ - INFO - Token value: 1234
2023-05-01 00:38:29,237 - __main__ - INFO - Weather in Berlin: 4.74
2023-05-08 00:35:59,553 - __main__ - INFO - Token value: 1234
2023-05-08 00:36:00,012 - __main__ - INFO - Weather in Berlin: 8.12
2023-05-15 00:37:43,779 - __main__ - INFO - Token value: 1234
2023-05-15 00:37:44,323 - __main__ - INFO - Weather in Berlin: 13.01
2023-05-22 00:38:44,183 - __main__ - INFO - Token value: 1234
2023-05-22 00:38:44,825 - __main__ - INFO - Weather in Berlin: 18.93
2023-05-29 00:38:32,685 - __main__ - INFO - Token value: 1234
2023-05-29 00:38:33,317 - __main__ - INFO - Weather in Berlin: 13.49
2023-06-05 00:42:16,214 - __main__ - INFO - Token value: 1234
2023-06-05 00:42:16,354 - __main__ - INFO - Weather in Berlin: 12.54
2023-06-12 00:44:40,761 - __main__ - INFO - Token value: 1234
2023-06-12 00:44:41,287 - __main__ - INFO - Weather in Berlin: 17.95
2023-06-19 00:41:31,896 - __main__ - INFO - Token value: 1234
2023-06-19 00:41:32,077 - __main__ - INFO - Weather in Berlin: 17.46
2023-06-26 00:48:35,778 - __main__ - INFO - Token value: 1234
2023-06-26 00:48:35,965 - __main__ - INFO - Weather in Berlin: 19.96
2023-07-03 00:47:50,515 - __main__ - INFO - Token value: 1234
2023-07-03 00:47:51,503 - __main__ - INFO - Weather in Berlin: 14.82
2023-07-10 00:47:49,548 - __main__ - INFO - Token value: 1234
2023-07-10 00:47:50,169 - __main__ - INFO - Weather in Berlin: 21.4
2023-07-17 00:50:57,487 - __main__ - INFO - Token value: 1234
2023-07-17 00:50:58,057 - __main__ - INFO - Weather in Berlin: 17.68
2023-07-24 00:41:28,744 - __main__ - INFO - Token value: 1234
2023-07-24 00:41:29,341 - __main__ - INFO - Weather in Berlin: 19.18
2023-07-31 00:41:40,366 - __main__ - INFO - Token value: 1234
2023-07-31 00:41:40,950 - __main__ - INFO - Weather in Berlin: 15.06
2023-08-07 00:39:33,017 - __main__ - INFO - Token value: 1234
2023-08-07 00:39:33,591 - __main__ - INFO - Weather in Berlin: 14.24
2023-08-14 00:32:09,980 - __main__ - INFO - Token value: 1234
2023-08-14 00:32:10,569 - __main__ - INFO - Weather in Berlin: 19.18
2023-08-21 00:31:40,538 - __main__ - INFO - Token value: 1234
2023-08-21 00:31:41,217 - __main__ - INFO - Weather in Berlin: 20.29
2023-08-28 00:32:45,300 - __main__ - INFO - Token value: 1234
2023-08-28 00:32:45,759 - __main__ - INFO - Weather in Berlin: 15.49
2023-09-04 00:32:51,578 - __main__ - INFO - Token value: 1234
2023-09-04 00:32:51,721 - __main__ - INFO - Weather in Berlin: 13.88
2023-09-11 00:33:02,029 - __main__ - INFO - Token value: 1234
2023-09-11 00:33:02,311 - __main__ - INFO - Weather in Berlin: 19.79
2023-09-18 00:33:08,034 - __main__ - INFO - Token value: 1234
2023-09-18 00:33:08,622 - __main__ - INFO - Weather in Berlin: 18.77
2023-09-25 00:33:31,589 - __main__ - INFO - Token value: 1234
2023-09-25 00:33:32,204 - __main__ - INFO - Weather in Berlin: 11.97
2023-10-02 00:33:45,247 - __main__ - INFO - Token value: 1234
2023-10-02 00:33:45,432 - __main__ - INFO - Weather in Berlin: 16.15
2023-10-09 00:33:46,073 - __main__ - INFO - Token value: 1234
2023-10-09 00:33:46,678 - __main__ - INFO - Weather in Berlin: 10.35
2023-10-16 00:34:12,581 - __main__ - INFO - Token value: 1234
2023-10-16 00:34:13,068 - __main__ - INFO - Weather in Berlin: 6.05
2023-10-23 00:33:38,346 - __main__ - INFO - Token value: 1234
2023-10-23 00:33:38,481 - __main__ - INFO - Weather in Berlin: 11.05
2023-10-30 00:34:04,551 - __main__ - INFO - Token value: 1234
2023-10-30 00:34:05,043 - __main__ - INFO - Weather in Berlin: 12.19
2023-11-06 00:34:49,810 - __main__ - INFO - Token value: 1234
2023-11-06 00:34:50,132 - __main__ - INFO - Weather in Berlin: 10.48
2023-11-13 00:35:20,583 - __main__ - INFO - Token value: 1234
2023-11-13 00:35:21,202 - __main__ - INFO - Weather in Berlin: 6.07
2023-11-20 00:36:06,535 - __main__ - INFO - Token value: 1234
2023-11-20 00:36:06,644 - __main__ - INFO - Weather in Berlin: 9.7
2023-11-27 00:35:44,273 - __main__ - INFO - Token value: 1234
2023-11-27 00:35:44,752 - __main__ - INFO - Weather in Berlin: -0.91
2023-12-04 00:36:12,963 - __main__ - INFO - Token value: 1234
2023-12-04 00:36:13,413 - __main__ - INFO - Weather in Berlin: -5.01
2023-12-11 00:36:36,877 - __main__ - INFO - Token value: 1234
2023-12-11 00:36:37,345 - __main__ - INFO - Weather in Berlin: 6.43
2023-12-18 00:36:39,535 - __main__ - INFO - Token value: 1234
2023-12-18 00:36:40,637 - __main__ - INFO - Weather in Berlin: 5.87
2023-12-25 00:35:57,463 - __main__ - INFO - Token value: 1234
2023-12-25 00:35:57,814 - __main__ - INFO - Weather in Berlin: 9.67
2024-01-01 00:39:23,702 - __main__ - INFO - Token value: 1234
2024-01-01 00:39:24,163 - __main__ - INFO - Weather in Berlin: 6.02
2024-01-08 00:36:53,575 - __main__ - INFO - Token value: 1234
2024-01-08 00:36:54,117 - __main__ - INFO - Weather in Berlin: -6.67
2024-01-15 00:37:53,460 - __main__ - INFO - Token value: 1234
2024-01-15 00:37:54,171 - __main__ - INFO - Weather in Berlin: 2.04
2024-01-22 00:38:04,182 - __main__ - INFO - Token value: 1234
2024-01-22 00:38:04,935 - __main__ - INFO - Weather in Berlin: 2.86
2024-01-29 00:34:00,850 - __main__ - INFO - Token value: 1234
2024-01-29 00:34:01,071 - __main__ - INFO - Weather in Berlin: 1.69
2024-02-05 00:35:06,109 - __main__ - INFO - Token value: 1234
2024-02-12 00:34:33,688 - __main__ - INFO - Token value: 1234
2024-02-19 00:34:58,887 - __main__ - INFO - Token value: 1234
2024-02-26 00:35:09,233 - __main__ - INFO - Token value: 1234
2024-03-04 00:34:25,560 - __main__ - INFO - Token value: 1234
2024-03-11 00:35:08,395 - __main__ - INFO - Token value: 1234
2024-03-18 00:35:06,524 - __main__ - INFO - Token value: 1234
2024-03-25 00:35:30,409 - __main__ - INFO - Token value: 1234
2024-04-01 00:38:07,362 - __main__ - INFO - Token value: 1234
2024-04-08 00:35:54,186 - __main__ - INFO - Token value: 1234
2024-04-15 03:04:08,840 - __main__ - INFO - Token value: 1234
2024-04-22 00:36:28,016 - __main__ - INFO - Token value: 1234
2024-04-29 00:36:00,211 - __main__ - INFO - Token value: 1234
2024-05-06 00:36:33,374 - __main__ - INFO - Token value: 1234
2024-05-13 00:37:20,778 - __main__ - INFO - Token value: 1234
2024-05-20 00:37:12,884 - __main__ - INFO - Token value: 1234
2024-05-27 00:37:48,048 - __main__ - INFO - Token value: 1234
2024-06-03 00:38:07,159 - __main__ - INFO - Token value: 1234
2024-06-10 00:39:11,953 - __main__ - INFO - Token value: 1234
2024-06-17 00:39:35,708 - __main__ - INFO - Token value: 1234
2024-06-24 00:39:42,774 - __main__ - INFO - Token value: 1234
2024-07-01 00:43:42,399 - __main__ - INFO - Token value: 1234
2024-07-08 00:40:10,931 - __main__ - INFO - Token value: 1234
2024-07-15 00:40:40,166 - __main__ - INFO - Token value: 1234
2024-07-22 00:41:01,877 - __main__ - INFO - Token value: 1234
2024-07-29 00:41:08,640 - __main__ - INFO - Token value: 1234
2024-08-05 00:41:30,205 - __main__ - INFO - Token value: 1234
2024-08-12 00:41:53,777 - __main__ - INFO - Token value: 1234
2024-08-19 00:41:08,919 - __main__ - INFO - Token value: 1234
2024-08-26 00:41:09,438 - __main__ - INFO - Token value: 1234
2024-09-02 00:43:32,364 - __main__ - INFO - Token value: 1234
2024-09-09 00:44:33,435 - __main__ - INFO - Token value: 1234
2024-09-16 00:46:12,591 - __main__ - INFO - Token value: 1234
2024-09-23 00:45:45,251 - __main__ - INFO - Token value: 1234
2024-09-30 00:47:22,120 - __main__ - INFO - Token value: 1234
2024-10-07 00:47:15,042 - __main__ - INFO - Token value: 1234
2024-10-14 00:47:27,568 - __main__ - INFO - Token value: 1234
2024-10-21 00:47:53,211 - __main__ - INFO - Token value: 1234
2024-10-26 14:08:50,144 - __main__ - INFO - Token value: 
2024-10-26 14:12:15,705 - __main__ - INFO - Token value: 
2024-10-26 14:13:44,148 - __main__ - INFO - Token value: 
2024-10-27 14:26:09,193 - __main__ - INFO - Token value: 
2024-10-28 14:28:44,804 - __main__ - INFO - Token value: 
2024-10-29 14:28:31,260 - __main__ - INFO - Token value: 
2024-10-30 14:27:41,278 - __main__ - INFO - Token value: 
2024-10-31 14:27:42,705 - __main__ - INFO - Token value: 
2024-11-01 14:26:58,866 - __main__ - INFO - Token value: 
2024-11-02 14:24:52,155 - __main__ - INFO - Token value: 
2024-11-03 14:26:24,729 - __main__ - INFO - Token value: 
2024-11-04 14:28:41,743 - __main__ - INFO - Token value: 
2024-11-05 14:27:17,497 - __main__ - INFO - Token value: 
2024-11-06 14:26:49,276 - __main__ - INFO - Token value: 
2024-11-07 14:25:15,326 - __main__ - INFO - Token value: 
2024-11-08 14:26:16,177 - __main__ - INFO - Token value: 
2024-11-09 14:24:48,807 - __main__ - INFO - Token value: 
2024-11-10 14:23:58,039 - __main__ - INFO - Token value: 
2024-11-11 14:27:47,667 - __main__ - INFO - Token value: 
2024-11-12 14:27:17,771 - __main__ - INFO - Token value: 
2024-11-13 14:27:04,723 - __main__ - INFO - Token value: 
2024-11-14 14:27:55,921 - __main__ - INFO - Token value: 
2024-11-15 14:28:18,889 - __main__ - INFO - Token value: 
2024-11-16 14:25:31,534 - __main__ - INFO - Token value: 
2024-11-17 14:25:17,311 - __main__ - INFO - Token value: 
2024-11-18 14:29:05,188 - __main__ - INFO - Token value: 
2024-11-19 14:29:42,706 - __main__ - INFO - Token value: 
2024-11-20 14:28:31,997 - __main__ - INFO - Token value: 
2024-11-21 14:28:38,875 - __main__ - INFO - Token value: 
2024-11-22 14:27:52,202 - __main__ - INFO - Token value: 
2024-11-23 14:25:54,809 - __main__ - INFO - Token value: 
2024-11-24 14:25:30,623 - __main__ - INFO - Token value: 
2024-11-25 14:29:33,413 - __main__ - INFO - Token value: 
2024-11-26 14:30:06,018 - __main__ - INFO - Token value: 
2024-11-27 14:29:29,061 - __main__ - INFO - Token value: 
2024-11-28 14:29:10,457 - __main__ - INFO - Token value: 
2024-11-29 14:28:47,778 - __main__ - INFO - Token value: 
2024-11-30 14:25:54,128 - __main__ - INFO - Token value: 
2024-12-01 14:26:21,991 - __main__ - INFO - Token value: 
2024-12-02 14:29:50,617 - __main__ - INFO - Token value: 
2024-12-03 14:27:30,781 - __main__ - INFO - Token value: 
2024-12-04 14:30:21,538 - __main__ - INFO - Token value: 
2024-12-05 14:29:32,652 - __main__ - INFO - Token value: 
2024-12-06 14:29:03,750 - __main__ - INFO - Token value: 
2024-12-07 14:26:18,205 - __main__ - INFO - Token value: 
2024-12-08 14:26:18,920 - __main__ - INFO - Token value: 
2024-12-09 14:30:40,520 - __main__ - INFO - Token value: 
2024-12-10 14:30:33,115 - __main__ - INFO - Token value: 
2024-12-11 14:30:12,816 - __main__ - INFO - Token value: 
2024-12-12 14:30:03,962 - __main__ - INFO - Token value: 
2024-12-13 14:29:28,195 - __main__ - INFO - Token value: 
2024-12-14 14:25:52,260 - __main__ - INFO - Token value: 
2024-12-15 14:26:10,057 - __main__ - INFO - Token value: 
2024-12-16 14:29:47,325 - __main__ - INFO - Token value: 
2024-12-17 14:29:54,626 - __main__ - INFO - Token value: 
2024-12-18 14:28:29,143 - __main__ - INFO - Token value: 
2024-12-19 14:28:37,138 - __main__ - INFO - Token value: 
2024-12-20 14:26:04,010 - __main__ - INFO - Token value: 
2024-12-21 14:23:53,687 - __main__ - INFO - Token value: 
2024-12-22 14:24:21,085 - __main__ - INFO - Token value: 
2024-12-23 14:26:30,093 - __main__ - INFO - Token value: 
2024-12-24 14:25:41,727 - __main__ - INFO - Token value: 
2024-12-25 14:25:22,959 - __main__ - INFO - Token value: 
2024-12-26 14:25:47,289 - __main__ - INFO - Token value: 
2024-12-27 14:25:55,816 - __main__ - INFO - Token value: 
2024-12-28 14:23:54,543 - __main__ - INFO - Token value: 
2024-12-29 14:23:45,423 - __main__ - INFO - Token value: 
2024-12-30 14:26:05,097 - __main__ - INFO - Token value: 
2024-12-31 14:25:15,378 - __main__ - INFO - Token value: 
2025-01-01 14:25:34,673 - __main__ - INFO - Token value: 
2025-01-02 14:26:08,915 - __main__ - INFO - Token value: 
2025-01-03 14:26:01,844 - __main__ - INFO - Token value: 
2025-01-04 14:24:40,432 - __main__ - INFO - Token value: 
2025-01-05 14:23:57,960 - __main__ - INFO - Token value: 
2025-01-06 14:27:43,368 - __main__ - INFO - Token value: 
2025-01-07 15:42:54,862 - __main__ - INFO - Token value: 
2025-01-08 14:27:02,777 - __main__ - INFO - Token value: 
2025-01-09 14:27:00,137 - __main__ - INFO - Token value: 
2025-01-10 14:27:13,302 - __main__ - INFO - Token value: 
2025-01-11 14:24:10,557 - __main__ - INFO - Token value: 
2025-01-12 14:24:04,305 - __main__ - INFO - Token value: 
2025-01-13 14:28:22,626 - __main__ - INFO - Token value: 
2025-01-14 14:26:10,935 - __main__ - INFO - Token value: 
2025-01-15 14:26:14,313 - __main__ - INFO - Token value: 
2025-01-16 14:25:34,381 - __main__ - INFO - Token value: 
2025-01-17 14:25:41,949 - __main__ - INFO - Token value: 
2025-01-18 14:23:49,681 - __main__ - INFO - Token value: 
2025-01-19 14:24:32,200 - __main__ - INFO - Token value: 
2025-01-20 14:26:26,427 - __main__ - INFO - Token value: 
2025-01-21 14:26:55,557 - __main__ - INFO - Token value: 
2025-01-22 14:26:51,238 - __main__ - INFO - Token value: 
2025-01-23 14:26:48,376 - __main__ - INFO - Token value: 
2025-01-24 14:25:48,662 - __main__ - INFO - Token value: 
2025-01-25 14:23:24,798 - __main__ - INFO - Token value: 
2025-01-26 14:22:56,719 - __main__ - INFO - Token value: 
2025-01-27 14:26:46,038 - __main__ - INFO - Token value: 
2025-01-28 14:26:36,271 - __main__ - INFO - Token value: 
2025-01-29 14:26:15,626 - __main__ - INFO - Token value: 
2025-01-30 14:26:17,900 - __main__ - INFO - Token value: 
2025-01-31 14:25:10,712 - __main__ - INFO - Token value: 
2025-02-01 14:22:59,886 - __main__ - INFO - Token value: 
2025-02-02 14:23:13,523 - __main__ - INFO - Token value: 
2025-02-03 14:26:56,367 - __main__ - INFO - Token value: 
2025-02-04 14:26:56,139 - __main__ - INFO - Token value: 
2025-02-05 14:26:06,994 - __main__ - INFO - Token value: 
2025-02-06 14:25:11,349 - __main__ - INFO - Token value: 
2025-02-07 14:26:20,114 - __main__ - INFO - Token value: 
2025-02-08 14:23:45,101 - __main__ - INFO - Token value: 
2025-02-09 14:23:14,875 - __main__ - INFO - Token value: 
2025-02-10 14:27:36,960 - __main__ - INFO - Token value: 
2025-02-11 14:27:45,951 - __main__ - INFO - Token value: 
2025-02-12 14:27:20,618 - __main__ - INFO - Token value: 
2025-02-13 14:27:18,437 - __main__ - INFO - Token value: 
2025-02-14 14:26:04,571 - __main__ - INFO - Token value: 
2025-02-15 14:23:26,735 - __main__ - INFO - Token value: 
2025-02-16 14:24:18,687 - __main__ - INFO - Token value: 
2025-02-17 14:27:48,828 - __main__ - INFO - Token value: 
2025-02-18 14:27:34,337 - __main__ - INFO - Token value: 
2025-02-19 14:27:33,014 - __main__ - INFO - Token value: 
2025-02-20 14:27:53,461 - __main__ - INFO - Token value: 
2025-02-21 14:26:19,305 - __main__ - INFO - Token value: 
2025-02-22 14:24:07,667 - __main__ - INFO - Token value: 
2025-02-23 14:25:09,530 - __main__ - INFO - Token value: 
2025-02-24 14:28:33,458 - __main__ - INFO - Token value: 
2025-02-25 14:28:21,374 - __main__ - INFO - Token value: 
2025-02-26 14:28:08,040 - __main__ - INFO - Token value: 
2025-02-27 14:28:15,520 - __main__ - INFO - Token value: 
2025-02-28 14:27:49,570 - __main__ - INFO - Token value: 
2025-03-01 14:25:53,468 - __main__ - INFO - Token value: 
2025-03-02 14:25:48,697 - __main__ - INFO - Token value: 
2025-03-03 14:28:31,469 - __main__ - INFO - Token value: 
2025-03-04 14:28:36,034 - __main__ - INFO - Token value: 
2025-03-05 14:28:26,327 - __main__ - INFO - Token value: 
2025-03-06 14:29:00,359 - __main__ - INFO - Token value: 
2025-03-07 14:27:52,190 - __main__ - INFO - Token value: 
2025-03-08 14:20:13,064 - __main__ - INFO - Token value: 
2025-03-09 14:21:18,760 - __main__ - INFO - Token value: 
2025-03-10 14:29:26,247 - __main__ - INFO - Token value: 
2025-03-11 14:29:48,001 - __main__ - INFO - Token value: 
2025-03-12 14:29:29,924 - __main__ - INFO - Token value: 
2025-03-13 14:28:53,344 - __main__ - INFO - Token value: 
2025-03-14 14:27:27,300 - __main__ - INFO - Token value: 
2025-03-15 14:26:02,527 - __main__ - INFO - Token value: 
2025-03-16 14:24:19,618 - __main__ - INFO - Token value: 
2025-03-17 14:29:00,531 - __main__ - INFO - Token value: 
2025-03-18 14:29:44,560 - __main__ - INFO - Token value: 
2025-03-19 14:29:31,134 - __main__ - INFO - Token value: 
2025-03-20 14:30:14,098 - __main__ - INFO - Token value: 
2025-03-21 14:28:04,693 - __main__ - INFO - Token value: 
2025-03-22 14:26:15,291 - __main__ - INFO - Token value: 
2025-03-23 14:24:41,997 - __main__ - INFO - Token value: 
2025-03-24 14:29:56,792 - __main__ - INFO - Token value: 
2025-03-25 14:31:01,245 - __main__ - INFO - Token value: 
2025-03-26 14:30:39,372 - __main__ - INFO - Token value: 
2025-03-27 14:30:33,303 - __main__ - INFO - Token value: 
2025-03-28 14:28:59,556 - __main__ - INFO - Token value: 
2025-03-29 14:27:37,144 - __main__ - INFO - Token value: 
2025-03-30 14:26:48,370 - __main__ - INFO - Token value: 
2025-03-31 14:30:47,120 - __main__ - INFO - Token value: 
2025-04-01 14:30:30,893 - __main__ - INFO - Token value: 
2025-04-02 14:29:56,252 - __main__ - INFO - Token value: 
2025-04-03 14:29:52,750 - __main__ - INFO - Token value: 
2025-04-04 14:28:39,442 - __main__ - INFO - Token value: 
2025-04-05 14:25:27,066 - __main__ - INFO - Token value: 
2025-04-06 14:26:11,959 - __main__ - INFO - Token value: 
2025-04-07 14:30:36,917 - __main__ - INFO - Token value: 
2025-04-08 14:31:19,463 - __main__ - INFO - Token value: 
2025-04-09 14:32:14,737 - __main__ - INFO - Token value: 
